{
  "stats": {
    "suites": 1,
    "tests": 1,
    "passes": 1,
    "pending": 0,
    "failures": 0,
    "start": "2022-08-07T15:49:17.084Z",
    "end": "2022-08-07T15:49:21.287Z",
    "duration": 4203,
    "testsRegistered": 1,
    "passPercent": 100,
    "pendingPercent": 0,
    "other": 0,
    "hasOther": false,
    "skipped": 0,
    "hasSkipped": false
  },
  "results": [
    {
      "uuid": "760dbdc7-3cf9-4280-b8ba-4a5ab51726e3",
      "title": "",
      "fullFile": "cypress\\e2e\\backendSecondTest.spec.js",
      "file": "cypress\\e2e\\backendSecondTest.spec.js",
      "beforeHooks": [],
      "afterHooks": [],
      "tests": [],
      "suites": [
        {
          "uuid": "fa3a94de-4e6b-4fc8-aeed-88027b7c3503",
          "title": "Test log out",
          "fullFile": "",
          "file": "",
          "beforeHooks": [],
          "afterHooks": [],
          "tests": [
            {
              "title": "verify use can log out succesfully",
              "fullTitle": "Test log out verify use can log out succesfully",
              "timedOut": null,
              "duration": 4171,
              "state": "passed",
              "speed": "fast",
              "pass": true,
              "fail": false,
              "pending": false,
              "context": null,
              "code": "cy.contains('Settings').click();\ncy.contains('Or click here to logout').click();\ncy.get('.navbar-nav').should('contain', 'Sign up');",
              "err": {},
              "uuid": "056bbfb3-54cc-486a-8f5c-0b167ac8c667",
              "parentUUID": "fa3a94de-4e6b-4fc8-aeed-88027b7c3503",
              "isHook": false,
              "skipped": false
            }
          ],
          "suites": [],
          "passes": [
            "056bbfb3-54cc-486a-8f5c-0b167ac8c667"
          ],
          "failures": [],
          "pending": [],
          "skipped": [],
          "duration": 4171,
          "root": false,
          "rootEmpty": false,
          "_timeout": 2000
        }
      ],
      "passes": [],
      "failures": [],
      "pending": [],
      "skipped": [],
      "duration": 0,
      "root": true,
      "rootEmpty": true,
      "_timeout": 2000
    }
  ],
  "meta": {
    "mocha": {
      "version": "7.0.1"
    },
    "mochawesome": {
      "options": {
        "quiet": false,
        "reportFilename": "mochawesome",
        "saveHtml": false,
        "saveJson": true,
        "consoleReporter": "spec",
        "useInlineDiffs": false,
        "code": true
      },
      "version": "7.1.3"
    },
    "marge": {
      "options": {
        "id": "default",
        "reportDir": "cypress/results/mochawesome",
        "overwrite": false,
        "html": false,
        "json": true
      },
      "version": "6.2.0"
    }
  }
}